2025-07-16T05:23:39.420Z INFO @wdio/browserstack-service BrowserStack service started with id: 0ea42ba0-4496-4df3-8652-0bb341400c04
2025-07-16T05:23:39.423Z DEBUG @wdio/browserstack-service Sending SDK event with data {
  userName: '[REDACTED]',
  accessKey: '[REDACTED]',
  event_type: 'SDKTestAttempted',
  detectedFramework: 'WebdriverIO-mocha',
  event_properties: {
    sdkRunId: '0ea42ba0-4496-4df3-8652-0bb341400c04',
    testhub_uuid: undefined,
    language_framework: 'WebdriverIO_mocha',
    referrer: 'WebdriverIO-mocha/9.16.2',
    language: 'WebdriverIO',
    languageVersion: 'v20.19.3',
    buildName: 'BrowserStack iOS Demo',
    buildIdentifier: 'undefined',
    os: 'Darwin',
    hostname: 'Mac-340.lan',
    productMap: {
      observability: true,
      accessibility: null,
      percy: false,
      automate: true,
      app_automate: false
    },
    product: [ 'observability', 'automate' ],
    framework: 'mocha'
  }
}
2025-07-16T05:23:39.740Z DEBUG @wdio/browserstack-service Funnel Event Response: "{\"message\":\"SDK Event recorded successfully\"}"
2025-07-16T05:23:39.740Z DEBUG @wdio/browserstack-service Funnel event success
2025-07-16T05:23:39.740Z DEBUG @wdio/browserstack-service app is not defined in browserstack-service config, skipping ...
2025-07-16T05:23:39.740Z WARN @wdio/browserstack-service Accessibility Automation will run only on Chrome browsers.
2025-07-16T05:23:39.740Z DEBUG @wdio/browserstack-service Sending launch start event
2025-07-16T05:23:40.155Z DEBUG @wdio/browserstack-service [Start_Build] Success response: {"observability":{"success":true,"options":{"allow_screenshots":true},"code":null,"errors":null,"error_trace_id":null},"accessibility":null,"automate":{"success":true,"options":{"allow_screenshots":true},"code":null,"errors":null,"error_trace_id":null},"build_hashed_id":"fmtz28uirqa30c8bp1yovrfgyudj2w42cttfb6mm","jwt":"eyJhbGciOiJIUzI1NiJ9.eyJpc3MiOiJicm93c2Vyc3RhY2tfb2IiLCJzdWIiOiI5ODk5NTE3IiwiZ3JvdXBfaWQiOjk4MDk1ODksInVzZXJfaWQiOjk4OTk1MTcsImJ1aWxkX2hhc2hlZF9pZCI6ImZtdHoyOHVpcnFhMzBjOGJwMXlvdnJmZ3l1ZGoydzQyY3R0ZmI2bW0iLCJwcm9qZWN0X25hbWUiOiJRdWFsR2VudCIsImhvb2tfYXNfdGVzdCI6IjEiLCJidWlsZF9uYW1lIjoiQnJvd3NlclN0YWNrIGlPUyBEZW1vIiwicHJvZHVjdF9tYXAiOiJ7XCJvYnNlcnZhYmlsaXR5XCI6dHJ1ZSxcImF1dG9tYXRlXCI6dHJ1ZSxcImFjY2Vzc2liaWxpdHlBdXRvRW5hYmxlZFwiOnRydWUsXCJvcmlnaW5Gcm9tUHJvZHVjdE1hcFwiOlwiQXV0b21hdGVcIixcImJzdGFja0F1dG9tYXRpb25cIjp0cnVlLFwiY2FkXCI6dHJ1ZSxcIm5vblNES1wiOmZhbHNlfSIsImdycl9yZWdpb24iOiIiLCJpc19sb3dfdm9sdW1lIjpmYWxzZSwic2lnbmluZ19rZXlfaGFzaCI6IjM3YzExMzFlNGIyZTc0M2M3NjZlMWQ3MGJmNWYyYjU3ZGM2OWIxOTVkMzAwZTMyYWU4ZDAyMzEyMGE0YTZkOTciLCJpYXQiOjE3NTI2NDM0MjAsImV4cCI6MTc1Mjk4OTAyMH0.TjQ49cE09UokwrKg9uMae9VZL-wZ4Mnwr6Td0WviHxA","discard_build":null,"app_automate":null}
2025-07-16T05:23:40.155Z INFO @wdio/browserstack-service Testhub started with id: fmtz28uirqa30c8bp1yovrfgyudj2w42cttfb6mm
2025-07-16T05:23:40.155Z INFO @wdio/browserstack-service browserstackLocal is not enabled - skipping...
2025-07-16T05:23:56.946Z DEBUG @wdio/browserstack-service Skipping method: Console, exists: true, type: function
2025-07-16T05:23:57.212Z DEBUG @wdio/browserstack-service Requesting Browserstack session URL at https://api.browserstack.com/automate/sessions/baa82eff5751de941a1150bf27be0fb5160ce495.json
2025-07-16T05:23:57.515Z INFO @wdio/browserstack-service 16 Safari session: https://automate.browserstack.com/builds/d544a0e7cf67a26fc9dcf87b05b614b15aa42592/sessions/baa82eff5751de941a1150bf27be0fb5160ce495
2025-07-16T05:23:57.520Z INFO @wdio/browserstack-service Update job with sessionId baa82eff5751de941a1150bf27be0fb5160ce495
2025-07-16T05:23:57.520Z DEBUG @wdio/browserstack-service Updating Browserstack session at https://api.browserstack.com/automate/sessions/baa82eff5751de941a1150bf27be0fb5160ce495.json with request body: 
2025-07-16T05:23:57.664Z INFO @wdio/browserstack-service Update job with sessionId baa82eff5751de941a1150bf27be0fb5160ce495
2025-07-16T05:23:57.664Z DEBUG @wdio/browserstack-service Updating Browserstack session at https://api.browserstack.com/automate/sessions/baa82eff5751de941a1150bf27be0fb5160ce495.json with request body: 
2025-07-16T05:23:57.864Z DEBUG @wdio/browserstack-service Got osVersion from user bstack options
2025-07-16T05:23:57.864Z DEBUG @wdio/browserstack-service Added data to request queue. Queue length = 1
2025-07-16T05:23:59.703Z DEBUG @wdio/browserstack-service Added data to request queue. Queue length = 2
2025-07-16T05:23:59.865Z DEBUG @wdio/browserstack-service Sending data from request queue. Data length = 2, Queue length after removal = 0
2025-07-16T05:23:59.865Z DEBUG @wdio/browserstack-service calling callback with kind INTERVAL_QUEUE
2025-07-16T05:23:59.865Z DEBUG @wdio/browserstack-service callback: called with events 2
2025-07-16T05:23:59.927Z DEBUG @wdio/browserstack-service Added data to request queue. Queue length = 1
2025-07-16T05:23:59.927Z DEBUG @wdio/browserstack-service Added data to request queue. Queue length = 2
2025-07-16T05:23:59.928Z DEBUG @wdio/browserstack-service Accessibility after test hook. Before sending test stop event
2025-07-16T05:23:59.928Z DEBUG @wdio/browserstack-service Got osVersion from user bstack options
2025-07-16T05:23:59.928Z DEBUG @wdio/browserstack-service Added data to request queue. Queue length = 3
2025-07-16T05:23:59.929Z INFO @wdio/browserstack-service Update job with sessionId baa82eff5751de941a1150bf27be0fb5160ce495
2025-07-16T05:23:59.929Z DEBUG @wdio/browserstack-service Updating Browserstack session at https://api.browserstack.com/automate/sessions/baa82eff5751de941a1150bf27be0fb5160ce495.json with request body: 
2025-07-16T05:24:00.063Z DEBUG @wdio/browserstack-service [BATCH_DATA] Success response: {"success":true}
2025-07-16T05:24:00.063Z DEBUG @wdio/browserstack-service callback: marking events success 2
2025-07-16T05:24:00.131Z DEBUG @wdio/browserstack-service teardown started
2025-07-16T05:24:00.132Z DEBUG @wdio/browserstack-service shutdown started
2025-07-16T05:24:00.132Z DEBUG @wdio/browserstack-service Shutting down request queue
2025-07-16T05:24:00.132Z DEBUG @wdio/browserstack-service calling callback with kind SHUTDOWN_QUEUE
2025-07-16T05:24:00.132Z DEBUG @wdio/browserstack-service callback: called with events 3
2025-07-16T05:24:00.233Z DEBUG @wdio/browserstack-service [BATCH_DATA] Success response: {"success":true}
2025-07-16T05:24:00.233Z DEBUG @wdio/browserstack-service callback: marking events success 3
2025-07-16T05:24:00.233Z DEBUG @wdio/browserstack-service shutdown ended
2025-07-16T05:24:00.233Z DEBUG @wdio/browserstack-service teardown ended
2025-07-16T05:24:00.832Z DEBUG @wdio/browserstack-service Added data to request queue. Queue length = 1
2025-07-16T05:24:00.832Z DEBUG @wdio/browserstack-service Force request-queue shutdown, as test run event is received after teardown
2025-07-16T05:24:00.832Z DEBUG @wdio/browserstack-service Sending data from request queue. Data length = 1, Queue length after removal = 0
2025-07-16T05:24:00.832Z DEBUG @wdio/browserstack-service calling callback with kind INTERVAL_QUEUE
2025-07-16T05:24:00.832Z DEBUG @wdio/browserstack-service callback: called with events 1
2025-07-16T05:24:00.906Z DEBUG @wdio/browserstack-service [BATCH_DATA] Success response: {"success":true}
2025-07-16T05:24:00.906Z DEBUG @wdio/browserstack-service callback: marking events success 1
2025-07-16T05:24:01.194Z DEBUG @wdio/browserstack-service Inside OnComplete hook..
2025-07-16T05:24:01.194Z DEBUG @wdio/browserstack-service Sending stop launch event
2025-07-16T05:24:01.491Z DEBUG @wdio/browserstack-service [STOP_BUILD] Success response: 
2025-07-16T05:24:01.493Z INFO @wdio/browserstack-service BrowserStack service run ended for id: 0ea42ba0-4496-4df3-8652-0bb341400c04 testhub id: fmtz28uirqa30c8bp1yovrfgyudj2w42cttfb6mm
2025-07-16T05:24:01.493Z DEBUG @wdio/browserstack-service Reading worker file worker-data-72329.json
2025-07-16T05:24:01.497Z DEBUG @wdio/browserstack-service Sending SDK event with data {
  userName: '[REDACTED]',
  accessKey: '[REDACTED]',
  event_type: 'SDKTestSuccessful',
  detectedFramework: 'WebdriverIO-mocha',
  event_properties: {
    sdkRunId: '0ea42ba0-4496-4df3-8652-0bb341400c04',
    testhub_uuid: 'fmtz28uirqa30c8bp1yovrfgyudj2w42cttfb6mm',
    language_framework: 'WebdriverIO_mocha',
    referrer: 'WebdriverIO-mocha/9.16.2',
    language: 'WebdriverIO',
    languageVersion: 'v20.19.3',
    buildName: 'BrowserStack iOS Demo',
    buildIdentifier: 'undefined',
    os: 'Darwin',
    hostname: 'Mac-340.lan',
    productMap: {
      observability: true,
      accessibility: null,
      percy: false,
      automate: true,
      app_automate: false
    },
    product: [ 'observability', 'automate' ],
    framework: 'mocha',
    productUsage: {
      testObservability: {
        enabled: true,
        manuallySet: false,
        buildHashedId: 'fmtz28uirqa30c8bp1yovrfgyudj2w42cttfb6mm',
        events: {
          buildEvents: {
            started: { isTriggered: true, status: 'success', error: undefined },
            finished: { isTriggered: true, status: 'success', error: undefined }
          },
          testEvents: {
            started: { triggeredCount: 1, sentCount: 1, failedCount: 0 },
            finished: { triggeredCount: 1, sentCount: 1, failedCount: 0 },
            passed: { triggeredCount: 1, sentCount: 1, failedCount: 0 }
          },
          hookEvents: {
            started: { triggeredCount: 0, sentCount: 0, failedCount: 0 },
            finished: { triggeredCount: 0, sentCount: 0, failedCount: 0 }
          },
          logEvents: {
            triggeredCount: 3,
            sentCount: 3,
            failedCount: 0,
            http: { triggeredCount: 2, sentCount: 2, failedCount: 0 },
            log: { triggeredCount: 1, sentCount: 1, failedCount: 0 }
          },
          cbtSessionEvents: { triggeredCount: 0, sentCount: 0, failedCount: 0 }
        }
      }
    }
  }
}
2025-07-16T05:24:01.634Z DEBUG @wdio/browserstack-service Funnel Event Response: "{\"message\":\"SDK Event recorded successfully\"}"
2025-07-16T05:24:01.634Z DEBUG @wdio/browserstack-service Funnel event success
2025-07-16T05:24:02.054Z INFO @wdio/browserstack-service Upload response: {
  "status": "success",
  "message": "Logs upload successful in file - logs.gz"
}
2025-07-16T05:24:02.639Z DEBUG @wdio/browserstack-service Successfully uploaded performance events Bravo
